TN:
SF:indexs.js
FN:1,addTwoNumbers
FN:6,multiply
FN:9,dividetwonumbers
FN:23,getOddNumbers
FNF:4
FNH:4
FNDA:1,addTwoNumbers
FNDA:1,multiply
FNDA:1,dividetwonumbers
FNDA:1,getOddNumbers
DA:1,1
DA:2,1
DA:3,1
DA:4,1
DA:5,1
DA:6,1
DA:7,1
DA:8,1
DA:9,1
DA:10,1
DA:11,1
DA:12,1
DA:13,1
DA:14,1
DA:15,1
DA:16,1
DA:17,1
DA:18,1
DA:19,1
DA:20,1
DA:21,1
DA:22,1
DA:23,1
DA:24,1
DA:25,1
DA:26,1
DA:27,6
DA:28,6
DA:29,3
DA:30,3
DA:31,3
DA:32,6
DA:33,1
DA:34,1
DA:35,1
DA:36,1
DA:37,1
LF:37
LH:37
BRDA:1,0,0,1
BRDA:6,1,0,1
BRDA:9,2,0,1
BRDA:23,3,0,1
BRDA:26,4,0,6
BRDA:28,5,0,3
BRF:6
BRH:6
end_of_record
